
=== Mon Feb  2 20:05:20 2026

Packages were changed.
Update Mode: mergeDefaultDependencies

The following packages were added:
  com.unity.modules.ai@1.0.0
  com.unity.modules.androidjni@1.0.0
  com.unity.modules.animation@1.0.0
  com.unity.modules.assetbundle@1.0.0
  com.unity.modules.audio@1.0.0
  com.unity.modules.cloth@1.0.0
  com.unity.modules.director@1.0.0
  com.unity.modules.imageconversion@1.0.0
  com.unity.modules.imgui@1.0.0
  com.unity.modules.jsonserialize@1.0.0
  com.unity.modules.particlesystem@1.0.0
  com.unity.modules.physics@1.0.0
  com.unity.modules.physics2d@1.0.0
  com.unity.modules.screencapture@1.0.0
  com.unity.modules.terrain@1.0.0
  com.unity.modules.terrainphysics@1.0.0
  com.unity.modules.tilemap@1.0.0
  com.unity.modules.ui@1.0.0
  com.unity.modules.uielements@1.0.0
  com.unity.modules.umbra@1.0.0
  com.unity.modules.unityanalytics@1.0.0
  com.unity.modules.unitywebrequest@1.0.0
  com.unity.modules.unitywebrequestassetbundle@1.0.0
  com.unity.modules.unitywebrequestaudio@1.0.0
  com.unity.modules.unitywebrequesttexture@1.0.0
  com.unity.modules.unitywebrequestwww@1.0.0
  com.unity.modules.vehicles@1.0.0
  com.unity.modules.video@1.0.0
  com.unity.modules.vr@1.0.0
  com.unity.modules.wind@1.0.0
  com.unity.modules.xr@1.0.0
  com.unity.modules.accessibility@1.0.0
  com.unity.multiplayer.center@1.0.0
The following packages were updated:
  com.unity.ai.navigation from version 2.0.0 to 2.0.5
  com.unity.collab-proxy from version 2.2.0 to 2.6.0
  com.unity.ide.rider from version 3.0.27 to 3.0.31
  com.unity.inputsystem from version 1.8.1 to 1.11.2
  com.unity.render-pipelines.universal from version 17.0.1 to 17.0.3
  com.unity.test-framework from version 1.4.2 to 1.4.5
  com.unity.timeline from version 1.8.6 to 1.8.7
  com.unity.visualscripting from version 1.9.1 to 1.9.5

=== Mon Feb  2 21:03:44 2026

Packages were changed.
Update Mode: updateDependencies

The following packages were updated:
  com.unity.ai.navigation from version 2.0.4 to 2.0.5
  com.unity.inputsystem from version 1.11.1 to 1.11.2
  com.unity.mobile.android-logcat from version 1.4.3 to 1.4.4
  com.unity.performance.profile-analyzer from version 1.2.2 to 1.2.3
  com.unity.recorder from version 5.1.1 to 5.1.2
  com.unity.splines from version 2.6.1 to 2.7.2

=== Mon Feb  2 21:03:44 2026

Packages were changed.
Update Mode: mergeDefaultDependencies

The following packages were added:
  com.unity.2d.sprite@1.0.0
  com.unity.bindings.openimageio@1.0.0
  com.unity.burst@1.8.18
  com.unity.cinemachine@3.1.0
  com.unity.collections@2.5.1
  com.unity.editorcoroutines@1.0.0
  com.unity.ext.nunit@2.0.5
  com.unity.mathematics@1.3.2
  com.unity.memoryprofiler@1.1.1
  com.unity.mobile.android-logcat@1.4.4
  com.unity.nuget.mono-cecil@1.11.4
  com.unity.performance.profile-analyzer@1.2.3
  com.unity.recorder@5.1.2
  com.unity.render-pipelines.core@17.0.3
  com.unity.render-pipelines.universal-config@17.0.3
  com.unity.rendering.light-transport@1.0.1
  com.unity.searcher@4.9.2
  com.unity.settings-manager@2.0.1
  com.unity.shadergraph@17.0.3
  com.unity.splines@2.7.2
  com.unity.terrain-tools@5.1.2
  com.unity.test-framework.performance@3.0.3
  com.unity.visualeffectgraph@17.0.3
  com.unity.modules.hierarchycore@1.0.0
  com.unity.modules.nvidia@1.0.0
  com.unity.modules.subsystems@1.0.0
